{"name": "Поле company проходит валидацию при корректном заполнении", "status": "broken", "statusDetails": {"message": "selenium.common.exceptions.TimeoutException: Message:", "trace": "self = <tests.test_field_company.TestFieldCompany object at 0x0000029A03D0F710>, web_driver = <selenium.webdriver.chrome.webdriver.WebDriver (session=\"0caa7ee935d8826a681791975db6a975\")>, company = '\"ОАО\" Only'\n\n    @allure.title('Поле company проходит валидацию при корректном заполнении')\n    @allure.description('Я выделил следующие, общепринятые позитивные проверки на валидацию поля company:'\n                        'ОАО в кавычках, без кавычек, русские буквы, латинские буквы, спецсимволы, точка, запятая')\n    @pytest.mark.parametrize('company', ['\"ОАО\" Only', 'ОАО Only', 'ОАО Онли', 'Only/QA', 'Only.QA'])\n    # Для ревьюера: assert аналогичен в тесте на поле name\n    # 1 тест падает, 4 проходят\n    def test_correct_field_company(self, web_driver, company):\n        main_page_obj = MainPage(web_driver)\n        main_page_obj.wait_main_page(FormsMainPage.FORM_YOUR_DATA)\n        main_page_obj._send_keys(FieldsMainPage.FIELD_COMPANY, company)\n        main_page_obj.click_elem_main_page(FormsMainPage.FORM_YOUR_DATA)\n>       err_vis = main_page_obj.wait_no_error_field(FieldsMainPage.FIELD_COMPANY_ERROR)\n\ntests\\test_field_company.py:20: \n_ _ _ _ _ _ _ _ _ _ _ _ _ _ _ _ _ _ _ _ _ _ _ _ _ _ _ _ _ _ _ _ _ _ _ _ _ _ _ _ _ _ _ _ _ _ _ _ _ _ _ _ _ _ _ _ _ _ _ _ _ _ _ _ _ _ _ _ _ _ _ _ _ _ _ _ _ _ _ _ _ _ _ _ _ _ _ _ _ _ _ _ _ _ _ _ _ _ _ _ _ _ _ _ _ _ _ _ _ _ _ _ _ _ _ _\nmethods\\main_page_methods.py:20: in wait_no_error_field\n    return self.re_wait_element_page(locator)\nmethods\\base_methods.py:21: in re_wait_element_page\n    return WebDriverWait(self.driver, 10).until(expected_conditions.invisibility_of_element_located(locator))\n_ _ _ _ _ _ _ _ _ _ _ _ _ _ _ _ _ _ _ _ _ _ _ _ _ _ _ _ _ _ _ _ _ _ _ _ _ _ _ _ _ _ _ _ _ _ _ _ _ _ _ _ _ _ _ _ _ _ _ _ _ _ _ _ _ _ _ _ _ _ _ _ _ _ _ _ _ _ _ _ _ _ _ _ _ _ _ _ _ _ _ _ _ _ _ _ _ _ _ _ _ _ _ _ _ _ _ _ _ _ _ _ _ _ _ _\n\nself = <selenium.webdriver.support.wait.WebDriverWait (session=\"0caa7ee935d8826a681791975db6a975\")>, method = <function invisibility_of_element_located.<locals>._predicate at 0x0000029A03D15F80>, message = ''\n\n    def until(self, method: Callable[[D], Union[Literal[False], T]], message: str = \"\") -> T:\n        \"\"\"Calls the method provided with the driver as an argument until the \\\n        return value does not evaluate to ``False``.\n    \n        :param method: callable(WebDriver)\n        :param message: optional message for :exc:`TimeoutException`\n        :returns: the result of the last call to `method`\n        :raises: :exc:`selenium.common.exceptions.TimeoutException` if timeout occurs\n        \"\"\"\n        screen = None\n        stacktrace = None\n    \n        end_time = time.monotonic() + self._timeout\n        while True:\n            try:\n                value = method(self._driver)\n                if value:\n                    return value\n            except self._ignored_exceptions as exc:\n                screen = getattr(exc, \"screen\", None)\n                stacktrace = getattr(exc, \"stacktrace\", None)\n            time.sleep(self._poll)\n            if time.monotonic() > end_time:\n                break\n>       raise TimeoutException(message, screen, stacktrace)\nE       selenium.common.exceptions.TimeoutException: Message:\n\n.venv\\Lib\\site-packages\\selenium\\webdriver\\support\\wait.py:105: TimeoutException"}, "description": "Я выделил следующие, общепринятые позитивные проверки на валидацию поля company:ОАО в кавычках, без кавычек, русские буквы, латинские буквы, спецсимволы, точка, запятая", "steps": [{"name": "Метод отображения главной страницы сервиса", "status": "passed", "steps": [{"name": "Метод явного ожидания отображения элемента", "status": "passed", "parameters": [{"name": "locator", "value": "['xpath', \".//p[text()='Ваши контакты']\"]"}], "start": 1720283963483, "stop": 1720283964778}], "parameters": [{"name": "locator", "value": "['xpath', \".//p[text()='Ваши контакты']\"]"}], "start": 1720283963483, "stop": 1720283964778}, {"name": "Метод заполнения поля", "status": "passed", "steps": [{"name": "Метод ввода текста в поле элемента страницы", "status": "passed", "parameters": [{"name": "locator", "value": "['xpath', \".//input[@name = 'company']\"]"}, {"name": "text", "value": "'\"ОАО\" Only'"}], "start": 1720283964778, "stop": 1720283964951}], "parameters": [{"name": "locator", "value": "['xpath', \".//input[@name = 'company']\"]"}, {"name": "text_name", "value": "'\"ОАО\" Only'"}], "start": 1720283964778, "stop": 1720283964951}, {"name": "Метод клика по элементу главной страницы", "status": "passed", "steps": [{"name": "Метод клика по элементу страницы", "status": "passed", "parameters": [{"name": "locator", "value": "['xpath', \".//p[text()='Ваши контакты']\"]"}], "start": 1720283964951, "stop": 1720283965110}], "parameters": [{"name": "elem", "value": "['xpath', \".//p[text()='Ваши контакты']\"]"}], "start": 1720283964951, "stop": 1720283965110}, {"name": "Метод ожидания отсутствия ошибки в поле", "status": "broken", "statusDetails": {"message": "selenium.common.exceptions.TimeoutException: Message: \n\n", "trace": "  File \"C:\\Users\\romag\\PycharmProjects\\Task_for_only_1\\.venv\\Lib\\site-packages\\allure_commons\\_allure.py\", line 192, in impl\n    return func(*a, **kw)\n           ^^^^^^^^^^^^^^\n  File \"C:\\Users\\romag\\PycharmProjects\\Task_for_only_1\\methods\\main_page_methods.py\", line 20, in wait_no_error_field\n    return self.re_wait_element_page(locator)\n           ^^^^^^^^^^^^^^^^^^^^^^^^^^^^^^^^^^\n  File \"C:\\Users\\romag\\PycharmProjects\\Task_for_only_1\\.venv\\Lib\\site-packages\\allure_commons\\_allure.py\", line 192, in impl\n    return func(*a, **kw)\n           ^^^^^^^^^^^^^^\n  File \"C:\\Users\\romag\\PycharmProjects\\Task_for_only_1\\methods\\base_methods.py\", line 21, in re_wait_element_page\n    return WebDriverWait(self.driver, 10).until(expected_conditions.invisibility_of_element_located(locator))\n           ^^^^^^^^^^^^^^^^^^^^^^^^^^^^^^^^^^^^^^^^^^^^^^^^^^^^^^^^^^^^^^^^^^^^^^^^^^^^^^^^^^^^^^^^^^^^^^^^^^\n  File \"C:\\Users\\romag\\PycharmProjects\\Task_for_only_1\\.venv\\Lib\\site-packages\\selenium\\webdriver\\support\\wait.py\", line 105, in until\n    raise TimeoutException(message, screen, stacktrace)\n"}, "steps": [{"name": "Метод ожидания отсутствия элемента", "status": "broken", "statusDetails": {"message": "selenium.common.exceptions.TimeoutException: Message: \n\n", "trace": "  File \"C:\\Users\\romag\\PycharmProjects\\Task_for_only_1\\.venv\\Lib\\site-packages\\allure_commons\\_allure.py\", line 192, in impl\n    return func(*a, **kw)\n           ^^^^^^^^^^^^^^\n  File \"C:\\Users\\romag\\PycharmProjects\\Task_for_only_1\\methods\\base_methods.py\", line 21, in re_wait_element_page\n    return WebDriverWait(self.driver, 10).until(expected_conditions.invisibility_of_element_located(locator))\n           ^^^^^^^^^^^^^^^^^^^^^^^^^^^^^^^^^^^^^^^^^^^^^^^^^^^^^^^^^^^^^^^^^^^^^^^^^^^^^^^^^^^^^^^^^^^^^^^^^^\n  File \"C:\\Users\\romag\\PycharmProjects\\Task_for_only_1\\.venv\\Lib\\site-packages\\selenium\\webdriver\\support\\wait.py\", line 105, in until\n    raise TimeoutException(message, screen, stacktrace)\n"}, "parameters": [{"name": "locator", "value": "['xpath', './/div[4]/div/input[@error]']"}], "start": 1720283965110, "stop": 1720283975595}], "parameters": [{"name": "locator", "value": "['xpath', './/div[4]/div/input[@error]']"}], "start": 1720283965110, "stop": 1720283975596}], "parameters": [{"name": "company", "value": "'\"ОАО\" Only'"}], "start": 1720283963483, "stop": 1720283975598, "uuid": "e94f2730-561b-4beb-8222-8139a58d5b26", "historyId": "1fa3e6995942df81b25ea7d95b6030b7", "testCaseId": "4eb9ec7bff3832580194812fd8f8affd", "fullName": "tests.test_field_company.TestFieldCompany#test_correct_field_company", "labels": [{"name": "parentSuite", "value": "tests"}, {"name": "suite", "value": "test_field_company"}, {"name": "subSuite", "value": "TestFieldCompany"}, {"name": "host", "value": "DESKTOP-USF6L0H"}, {"name": "thread", "value": "23104-MainThread"}, {"name": "framework", "value": "pytest"}, {"name": "language", "value": "cpython3"}, {"name": "package", "value": "tests.test_field_company"}]}