{"name": "Поле company не проходит валидацию при некорректном заполнении", "status": "broken", "statusDetails": {"message": "selenium.common.exceptions.NoSuchElementException: Message: no such element: Unable to locate element: {\"method\":\"xpath\",\"selector\":\".//div[4]/div/input[@error]\"}\n  (Session info: chrome=126.0.6478.127); For documentation on this error, please visit: https://www.selenium.dev/documentation/webdriver/troubleshooting/errors#no-such-element-exception\nStacktrace:\n\tGetHandleVerifier [0x0046C1C3+27395]\n\t(No symbol) [0x00403DC4]\n\t(No symbol) [0x00301B7F]\n\t(No symbol) [0x00342C65]\n\t(No symbol) [0x00342D3B]\n\t(No symbol) [0x0037EC82]\n\t(No symbol) [0x003639E4]\n\t(No symbol) [0x0037CB24]\n\t(No symbol) [0x00363736]\n\t(No symbol) [0x00337541]\n\t(No symbol) [0x003380BD]\n\tGetHandleVerifier [0x00723A93+2876371]\n\tGetHandleVerifier [0x00777F5D+3221661]\n\tGetHandleVerifier [0x004ED634+556916]\n\tGetHandleVerifier [0x004F474C+585868]\n\t(No symbol) [0x0040CE04]\n\t(No symbol) [0x00409818]\n\t(No symbol) [0x004099B7]\n\t(No symbol) [0x003FBF0E]\n\tBaseThreadInitThunk [0x7724FCC9+25]\n\tRtlGetAppContainerNamedObjectPath [0x77C880CE+286]\n\tRtlGetAppContainerNamedObjectPath [0x77C8809E+238]", "trace": "self = <tests.test_field_company.TestFieldCompany object at 0x0000029A03D34170>, web_driver = <selenium.webdriver.chrome.webdriver.WebDriver (session=\"b77729812a4d01950887026000a08f0c\")>, company = '123'\n\n    @allure.title('Поле company не проходит валидацию при некорректном заполнении')\n    @allure.description('Я выделил следующие, общепринятые негативные проверки на валидацию поля company: '\n                        'только спецсимволы, только цифры, пробел, пустое поле')\n    @pytest.mark.parametrize('company', ['@##', '123', ' ', ''])\n    # Для ревьюера: assert аналогичен в тесте на поле name\n    # 1 тест падает, 3 проходят\n    def test_incorrect_field_company(self, web_driver, company):\n        main_page_obj = MainPage(web_driver)\n        main_page_obj.wait_main_page(FormsMainPage.FORM_YOUR_DATA)\n        main_page_obj._send_keys(FieldsMainPage.FIELD_COMPANY, company)\n        main_page_obj.click_elem_main_page(FormsMainPage.FORM_YOUR_DATA)\n>       err_text = main_page_obj.text_error_field(FieldsMainPage.FIELD_COMPANY_ERROR)\n\ntests\\test_field_company.py:34: \n_ _ _ _ _ _ _ _ _ _ _ _ _ _ _ _ _ _ _ _ _ _ _ _ _ _ _ _ _ _ _ _ _ _ _ _ _ _ _ _ _ _ _ _ _ _ _ _ _ _ _ _ _ _ _ _ _ _ _ _ _ _ _ _ _ _ _ _ _ _ _ _ _ _ _ _ _ _ _ _ _ _ _ _ _ _ _ _ _ _ _ _ _ _ _ _ _ _ _ _ _ _ _ _ _ _ _ _ _ _ _ _ _ _ _ _\nmethods\\main_page_methods.py:24: in text_error_field\n    return self.base_text_error(locator)\nmethods\\base_methods.py:25: in base_text_error\n    return self.driver.find_element(*locator).get_attribute(\"error\")\n.venv\\Lib\\site-packages\\selenium\\webdriver\\remote\\webdriver.py:748: in find_element\n    return self.execute(Command.FIND_ELEMENT, {\"using\": by, \"value\": value})[\"value\"]\n.venv\\Lib\\site-packages\\selenium\\webdriver\\remote\\webdriver.py:354: in execute\n    self.error_handler.check_response(response)\n_ _ _ _ _ _ _ _ _ _ _ _ _ _ _ _ _ _ _ _ _ _ _ _ _ _ _ _ _ _ _ _ _ _ _ _ _ _ _ _ _ _ _ _ _ _ _ _ _ _ _ _ _ _ _ _ _ _ _ _ _ _ _ _ _ _ _ _ _ _ _ _ _ _ _ _ _ _ _ _ _ _ _ _ _ _ _ _ _ _ _ _ _ _ _ _ _ _ _ _ _ _ _ _ _ _ _ _ _ _ _ _ _ _ _ _\n\nself = <selenium.webdriver.remote.errorhandler.ErrorHandler object at 0x0000029A03D61850>\nresponse = {'status': 404, 'value': '{\"value\":{\"error\":\"no such element\",\"message\":\"no such element: Unable to locate element: {\\...\\n\\\\tRtlGetAppContainerNamedObjectPath [0x77C880CE+286]\\\\n\\\\tRtlGetAppContainerNamedObjectPath [0x77C8809E+238]\\\\n\"}}'}\n\n    def check_response(self, response: Dict[str, Any]) -> None:\n        \"\"\"Checks that a JSON response from the WebDriver does not have an\n        error.\n    \n        :Args:\n         - response - The JSON response from the WebDriver server as a dictionary\n           object.\n    \n        :Raises: If the response contains an error message.\n        \"\"\"\n        status = response.get(\"status\", None)\n        if not status or status == ErrorCode.SUCCESS:\n            return\n        value = None\n        message = response.get(\"message\", \"\")\n        screen: str = response.get(\"screen\", \"\")\n        stacktrace = None\n        if isinstance(status, int):\n            value_json = response.get(\"value\", None)\n            if value_json and isinstance(value_json, str):\n                import json\n    \n                try:\n                    value = json.loads(value_json)\n                    if len(value) == 1:\n                        value = value[\"value\"]\n                    status = value.get(\"error\", None)\n                    if not status:\n                        status = value.get(\"status\", ErrorCode.UNKNOWN_ERROR)\n                        message = value.get(\"value\") or value.get(\"message\")\n                        if not isinstance(message, str):\n                            value = message\n                            message = message.get(\"message\")\n                    else:\n                        message = value.get(\"message\", None)\n                except ValueError:\n                    pass\n    \n        exception_class: Type[WebDriverException]\n        e = ErrorCode()\n        error_codes = [item for item in dir(e) if not item.startswith(\"__\")]\n        for error_code in error_codes:\n            error_info = getattr(ErrorCode, error_code)\n            if isinstance(error_info, list) and status in error_info:\n                exception_class = getattr(ExceptionMapping, error_code, WebDriverException)\n                break\n        else:\n            exception_class = WebDriverException\n    \n        if not value:\n            value = response[\"value\"]\n        if isinstance(value, str):\n            raise exception_class(value)\n        if message == \"\" and \"message\" in value:\n            message = value[\"message\"]\n    \n        screen = None  # type: ignore[assignment]\n        if \"screen\" in value:\n            screen = value[\"screen\"]\n    \n        stacktrace = None\n        st_value = value.get(\"stackTrace\") or value.get(\"stacktrace\")\n        if st_value:\n            if isinstance(st_value, str):\n                stacktrace = st_value.split(\"\\n\")\n            else:\n                stacktrace = []\n                try:\n                    for frame in st_value:\n                        line = frame.get(\"lineNumber\", \"\")\n                        file = frame.get(\"fileName\", \"<anonymous>\")\n                        if line:\n                            file = f\"{file}:{line}\"\n                        meth = frame.get(\"methodName\", \"<anonymous>\")\n                        if \"className\" in frame:\n                            meth = f\"{frame['className']}.{meth}\"\n                        msg = \"    at %s (%s)\"\n                        msg = msg % (meth, file)\n                        stacktrace.append(msg)\n                except TypeError:\n                    pass\n        if exception_class == UnexpectedAlertPresentException:\n            alert_text = None\n            if \"data\" in value:\n                alert_text = value[\"data\"].get(\"text\")\n            elif \"alert\" in value:\n                alert_text = value[\"alert\"].get(\"text\")\n            raise exception_class(message, screen, stacktrace, alert_text)  # type: ignore[call-arg]  # mypy is not smart enough here\n>       raise exception_class(message, screen, stacktrace)\nE       selenium.common.exceptions.NoSuchElementException: Message: no such element: Unable to locate element: {\"method\":\"xpath\",\"selector\":\".//div[4]/div/input[@error]\"}\nE         (Session info: chrome=126.0.6478.127); For documentation on this error, please visit: https://www.selenium.dev/documentation/webdriver/troubleshooting/errors#no-such-element-exception\nE       Stacktrace:\nE       \tGetHandleVerifier [0x0046C1C3+27395]\nE       \t(No symbol) [0x00403DC4]\nE       \t(No symbol) [0x00301B7F]\nE       \t(No symbol) [0x00342C65]\nE       \t(No symbol) [0x00342D3B]\nE       \t(No symbol) [0x0037EC82]\nE       \t(No symbol) [0x003639E4]\nE       \t(No symbol) [0x0037CB24]\nE       \t(No symbol) [0x00363736]\nE       \t(No symbol) [0x00337541]\nE       \t(No symbol) [0x003380BD]\nE       \tGetHandleVerifier [0x00723A93+2876371]\nE       \tGetHandleVerifier [0x00777F5D+3221661]\nE       \tGetHandleVerifier [0x004ED634+556916]\nE       \tGetHandleVerifier [0x004F474C+585868]\nE       \t(No symbol) [0x0040CE04]\nE       \t(No symbol) [0x00409818]\nE       \t(No symbol) [0x004099B7]\nE       \t(No symbol) [0x003FBF0E]\nE       \tBaseThreadInitThunk [0x7724FCC9+25]\nE       \tRtlGetAppContainerNamedObjectPath [0x77C880CE+286]\nE       \tRtlGetAppContainerNamedObjectPath [0x77C8809E+238]\n\n.venv\\Lib\\site-packages\\selenium\\webdriver\\remote\\errorhandler.py:229: NoSuchElementException"}, "description": "Я выделил следующие, общепринятые негативные проверки на валидацию поля company: только спецсимволы, только цифры, пробел, пустое поле", "steps": [{"name": "Метод отображения главной страницы сервиса", "status": "passed", "steps": [{"name": "Метод явного ожидания отображения элемента", "status": "passed", "parameters": [{"name": "locator", "value": "['xpath', \".//p[text()='Ваши контакты']\"]"}], "start": 1720284073462, "stop": 1720284073498}], "parameters": [{"name": "locator", "value": "['xpath', \".//p[text()='Ваши контакты']\"]"}], "start": 1720284073461, "stop": 1720284073498}, {"name": "Метод заполнения поля", "status": "passed", "steps": [{"name": "Метод ввода текста в поле элемента страницы", "status": "passed", "parameters": [{"name": "locator", "value": "['xpath', \".//input[@name = 'company']\"]"}, {"name": "text", "value": "'123'"}], "start": 1720284073498, "stop": 1720284073765}], "parameters": [{"name": "locator", "value": "['xpath', \".//input[@name = 'company']\"]"}, {"name": "text_name", "value": "'123'"}], "start": 1720284073498, "stop": 1720284073765}, {"name": "Метод клика по элементу главной страницы", "status": "passed", "steps": [{"name": "Метод клика по элементу страницы", "status": "passed", "parameters": [{"name": "locator", "value": "['xpath', \".//p[text()='Ваши контакты']\"]"}], "start": 1720284073765, "stop": 1720284073872}], "parameters": [{"name": "elem", "value": "['xpath', \".//p[text()='Ваши контакты']\"]"}], "start": 1720284073765, "stop": 1720284073872}, {"name": "Метод получения текста ошибки поля", "status": "broken", "statusDetails": {"message": "selenium.common.exceptions.NoSuchElementException: Message: no such element: Unable to locate element: {\"method\":\"xpath\",\"selector\":\".//div[4]/div/input[@error]\"}\n  (Session info: chrome=126.0.6478.127); For documentation on this error, please visit: https://www.selenium.dev/documentation/webdriver/troubleshooting/errors#no-such-element-exception\nStacktrace:\n\tGetHandleVerifier [0x0046C1C3+27395]\n\t(No symbol) [0x00403DC4]\n\t(No symbol) [0x00301B7F]\n\t(No symbol) [0x00342C65]\n\t(No symbol) [0x00342D3B]\n\t(No symbol) [0x0037EC82]\n\t(No symbol) [0x003639E4]\n\t(No symbol) [0x0037CB24]\n\t(No symbol) [0x00363736]\n\t(No symbol) [0x00337541]\n\t(No symbol) [0x003380BD]\n\tGetHandleVerifier [0x00723A93+2876371]\n\tGetHandleVerifier [0x00777F5D+3221661]\n\tGetHandleVerifier [0x004ED634+556916]\n\tGetHandleVerifier [0x004F474C+585868]\n\t(No symbol) [0x0040CE04]\n\t(No symbol) [0x00409818]\n\t(No symbol) [0x004099B7]\n\t(No symbol) [0x003FBF0E]\n\tBaseThreadInitThunk [0x7724FCC9+25]\n\tRtlGetAppContainerNamedObjectPath [0x77C880CE+286]\n\tRtlGetAppContainerNamedObjectPath [0x77C8809E+238]\n\n", "trace": "  File \"C:\\Users\\romag\\PycharmProjects\\Task_for_only_1\\.venv\\Lib\\site-packages\\allure_commons\\_allure.py\", line 192, in impl\n    return func(*a, **kw)\n           ^^^^^^^^^^^^^^\n  File \"C:\\Users\\romag\\PycharmProjects\\Task_for_only_1\\methods\\main_page_methods.py\", line 24, in text_error_field\n    return self.base_text_error(locator)\n           ^^^^^^^^^^^^^^^^^^^^^^^^^^^^^\n  File \"C:\\Users\\romag\\PycharmProjects\\Task_for_only_1\\.venv\\Lib\\site-packages\\allure_commons\\_allure.py\", line 192, in impl\n    return func(*a, **kw)\n           ^^^^^^^^^^^^^^\n  File \"C:\\Users\\romag\\PycharmProjects\\Task_for_only_1\\methods\\base_methods.py\", line 25, in base_text_error\n    return self.driver.find_element(*locator).get_attribute(\"error\")\n           ^^^^^^^^^^^^^^^^^^^^^^^^^^^^^^^^^^\n  File \"C:\\Users\\romag\\PycharmProjects\\Task_for_only_1\\.venv\\Lib\\site-packages\\selenium\\webdriver\\remote\\webdriver.py\", line 748, in find_element\n    return self.execute(Command.FIND_ELEMENT, {\"using\": by, \"value\": value})[\"value\"]\n           ^^^^^^^^^^^^^^^^^^^^^^^^^^^^^^^^^^^^^^^^^^^^^^^^^^^^^^^^^^^^^^^^^\n  File \"C:\\Users\\romag\\PycharmProjects\\Task_for_only_1\\.venv\\Lib\\site-packages\\selenium\\webdriver\\remote\\webdriver.py\", line 354, in execute\n    self.error_handler.check_response(response)\n  File \"C:\\Users\\romag\\PycharmProjects\\Task_for_only_1\\.venv\\Lib\\site-packages\\selenium\\webdriver\\remote\\errorhandler.py\", line 229, in check_response\n    raise exception_class(message, screen, stacktrace)\n"}, "steps": [{"name": "Метод получения текста ошибки", "status": "broken", "statusDetails": {"message": "selenium.common.exceptions.NoSuchElementException: Message: no such element: Unable to locate element: {\"method\":\"xpath\",\"selector\":\".//div[4]/div/input[@error]\"}\n  (Session info: chrome=126.0.6478.127); For documentation on this error, please visit: https://www.selenium.dev/documentation/webdriver/troubleshooting/errors#no-such-element-exception\nStacktrace:\n\tGetHandleVerifier [0x0046C1C3+27395]\n\t(No symbol) [0x00403DC4]\n\t(No symbol) [0x00301B7F]\n\t(No symbol) [0x00342C65]\n\t(No symbol) [0x00342D3B]\n\t(No symbol) [0x0037EC82]\n\t(No symbol) [0x003639E4]\n\t(No symbol) [0x0037CB24]\n\t(No symbol) [0x00363736]\n\t(No symbol) [0x00337541]\n\t(No symbol) [0x003380BD]\n\tGetHandleVerifier [0x00723A93+2876371]\n\tGetHandleVerifier [0x00777F5D+3221661]\n\tGetHandleVerifier [0x004ED634+556916]\n\tGetHandleVerifier [0x004F474C+585868]\n\t(No symbol) [0x0040CE04]\n\t(No symbol) [0x00409818]\n\t(No symbol) [0x004099B7]\n\t(No symbol) [0x003FBF0E]\n\tBaseThreadInitThunk [0x7724FCC9+25]\n\tRtlGetAppContainerNamedObjectPath [0x77C880CE+286]\n\tRtlGetAppContainerNamedObjectPath [0x77C8809E+238]\n\n", "trace": "  File \"C:\\Users\\romag\\PycharmProjects\\Task_for_only_1\\.venv\\Lib\\site-packages\\allure_commons\\_allure.py\", line 192, in impl\n    return func(*a, **kw)\n           ^^^^^^^^^^^^^^\n  File \"C:\\Users\\romag\\PycharmProjects\\Task_for_only_1\\methods\\base_methods.py\", line 25, in base_text_error\n    return self.driver.find_element(*locator).get_attribute(\"error\")\n           ^^^^^^^^^^^^^^^^^^^^^^^^^^^^^^^^^^\n  File \"C:\\Users\\romag\\PycharmProjects\\Task_for_only_1\\.venv\\Lib\\site-packages\\selenium\\webdriver\\remote\\webdriver.py\", line 748, in find_element\n    return self.execute(Command.FIND_ELEMENT, {\"using\": by, \"value\": value})[\"value\"]\n           ^^^^^^^^^^^^^^^^^^^^^^^^^^^^^^^^^^^^^^^^^^^^^^^^^^^^^^^^^^^^^^^^^\n  File \"C:\\Users\\romag\\PycharmProjects\\Task_for_only_1\\.venv\\Lib\\site-packages\\selenium\\webdriver\\remote\\webdriver.py\", line 354, in execute\n    self.error_handler.check_response(response)\n  File \"C:\\Users\\romag\\PycharmProjects\\Task_for_only_1\\.venv\\Lib\\site-packages\\selenium\\webdriver\\remote\\errorhandler.py\", line 229, in check_response\n    raise exception_class(message, screen, stacktrace)\n"}, "parameters": [{"name": "locator", "value": "['xpath', './/div[4]/div/input[@error]']"}], "start": 1720284073872, "stop": 1720284073929}], "parameters": [{"name": "locator", "value": "['xpath', './/div[4]/div/input[@error]']"}], "start": 1720284073872, "stop": 1720284073932}], "parameters": [{"name": "company", "value": "'123'"}], "start": 1720284073461, "stop": 1720284073933, "uuid": "88065c17-c8c4-4f35-a3d3-3c5909d188b4", "historyId": "7a095f695f8595cdd3ba20b8c8c2a031", "testCaseId": "6578260f270d91b414d60a02558d7ab6", "fullName": "tests.test_field_company.TestFieldCompany#test_incorrect_field_company", "labels": [{"name": "parentSuite", "value": "tests"}, {"name": "suite", "value": "test_field_company"}, {"name": "subSuite", "value": "TestFieldCompany"}, {"name": "host", "value": "DESKTOP-USF6L0H"}, {"name": "thread", "value": "23104-MainThread"}, {"name": "framework", "value": "pytest"}, {"name": "language", "value": "cpython3"}, {"name": "package", "value": "tests.test_field_company"}]}